<component name="libraryTable">
  <library name="junit:junit:4.8.2" type="repository">
    <properties maven-id="junit:junit:4.8.2" />
    <CLASSES>
      <root url="jar://$PROJECT_DIR$/libs/junit-4.8.2.jar!/" />
    </CLASSES>
    <JAVADOC>
      <root url="jar://$PROJECT_DIR$/libs/junit-4.8.2-javadoc.jar!/" />
    </JAVADOC>
    <SOURCES>
      <root url="jar://$PROJECT_DIR$/libs/junit-4.8.2-sources.jar!/" />
    </SOURCES>
  </library>
</component>